{
  "RSpec": {
    "coverage": {
      "/Users/cyberbiz/Desktop/ck/rspec_practice/app/helpers/application_helper.rb": {
        "lines": [
          1,
          null
        ]
      },
      "/Users/cyberbiz/Desktop/ck/rspec_practice/app/models/user.rb": {
        "lines": [
          1,
          1,
          1,
          null,
          1,
          1,
          1,
          null,
          null
        ]
      },
      "/Users/cyberbiz/Desktop/ck/rspec_practice/app/models/application_record.rb": {
        "lines": [
          1,
          1,
          null
        ]
      },
      "/Users/cyberbiz/Desktop/ck/rspec_practice/app/mailers/application_mailer.rb": {
        "lines": [
          0,
          0,
          0,
          0
        ],
        "branches": {
        }
      },
      "/Users/cyberbiz/Desktop/ck/rspec_practice/app/models/shop.rb": {
        "lines": [
          0,
          0,
          0
        ],
        "branches": {
        }
      },
      "/Users/cyberbiz/Desktop/ck/rspec_practice/app/models/profile.rb": {
        "lines": [
          0,
          0,
          0
        ],
        "branches": {
        }
      },
      "/Users/cyberbiz/Desktop/ck/rspec_practice/app/jobs/application_job.rb": {
        "lines": [
          0,
          null,
          null,
          null,
          null,
          null,
          0
        ],
        "branches": {
        }
      },
      "/Users/cyberbiz/Desktop/ck/rspec_practice/app/controllers/application_controller.rb": {
        "lines": [
          0,
          0
        ],
        "branches": {
        }
      },
      "/Users/cyberbiz/Desktop/ck/rspec_practice/app/controllers/user_controller.rb": {
        "lines": [
          0,
          0
        ],
        "branches": {
        }
      },
      "/Users/cyberbiz/Desktop/ck/rspec_practice/app/services/models/user_service.rb": {
        "lines": [
          0,
          0,
          0,
          0,
          null,
          0,
          0
        ],
        "branches": {
        }
      },
      "/Users/cyberbiz/Desktop/ck/rspec_practice/app/channels/application_cable/connection.rb": {
        "lines": [
          0,
          0,
          0,
          0
        ],
        "branches": {
        }
      },
      "/Users/cyberbiz/Desktop/ck/rspec_practice/app/channels/application_cable/channel.rb": {
        "lines": [
          0,
          0,
          0,
          0
        ],
        "branches": {
        }
      }
    },
    "timestamp": 1631805147
  }
}
